<?xml version="1.0" encoding="UTF-8"?>
<!-- Generated by org.testng.reporters.JUnitReportReporter -->
<testsuite hostname="DESKTOP-VCORFTU" failures="0" tests="8" name="com.project.tests.HomePageTest" time="179.233" errors="0" timestamp="2025-09-03T11:09:44 IST" skipped="0">
  <testcase classname="com.project.tests.HomePageTest" name="verifyLogoDisplayed" time="8.703"/>
  <testcase classname="com.project.tests.HomePageTest" name="verifyHomePageTitle" time="10.537"/>
  <testcase classname="com.project.tests.HomePageTest" name="verifyNavigationToProducts" time="73.809"/>
  <testcase classname="com.project.tests.HomePageTest" name="verifyNavigationToSignupLogin" time="12.807"/>
  <testcase classname="com.project.tests.HomePageTest" name="verifyNavigationToTestCases" time="14.449"/>
  <testcase classname="com.project.tests.HomePageTest" name="verifyNavigationToApiTesting" time="25.117"/>
  <testcase classname="com.project.tests.HomePageTest" name="verifyNavigationToContactUs" time="21.733"/>
  <testcase classname="com.project.tests.HomePageTest" name="verifyNavigationToCart" time="12.078"/>
</testsuite> <!-- com.project.tests.HomePageTest -->
