<?xml version="1.0" encoding="UTF-8"?>
<!-- Generated by org.testng.reporters.JUnitReportReporter -->
<testsuite hostname="DESKTOP-VCORFTU" failures="0" tests="1" name="com.project.tests.TestCasesPageTest" time="28.390" errors="0" timestamp="2025-09-03T12:47:34 IST" skipped="0">
  <testcase classname="com.project.tests.TestCasesPageTest" name="testClickAllTestCases" time="28.390"/>
</testsuite> <!-- com.project.tests.TestCasesPageTest -->
