<?xml version="1.0" encoding="UTF-8"?>
<!-- Generated by org.testng.reporters.JUnitReportReporter -->
<testsuite hostname="DESKTOP-VCORFTU" failures="0" tests="1" name="com.project.tests.ApiPageTest" time="30.822" errors="0" timestamp="2025-09-03T12:28:43 IST" skipped="0">
  <testcase classname="com.project.tests.ApiPageTest" name="testClickAllApis" time="30.822"/>
</testsuite> <!-- com.project.tests.ApiPageTest -->
