<?xml version="1.0" encoding="UTF-8"?>
<!-- Generated by org.testng.reporters.JUnitReportReporter -->
<testsuite hostname="DESKTOP-VCORFTU" failures="0" tests="8" name="com.project.tests.HomePageTest" time="56.908" errors="0" timestamp="2025-09-02T11:33:29 IST" skipped="0">
  <testcase classname="com.project.tests.HomePageTest" name="verifyLogoDisplayed" time="5.499"/>
  <testcase classname="com.project.tests.HomePageTest" name="verifyHomePageTitle" time="5.430"/>
  <testcase classname="com.project.tests.HomePageTest" name="verifyNavigationToProducts" time="8.547"/>
  <testcase classname="com.project.tests.HomePageTest" name="verifyNavigationToSignupLogin" time="6.902"/>
  <testcase classname="com.project.tests.HomePageTest" name="verifyNavigationToTestCases" time="9.857"/>
  <testcase classname="com.project.tests.HomePageTest" name="verifyNavigationToApiTesting" time="6.502"/>
  <testcase classname="com.project.tests.HomePageTest" name="verifyNavigationToContactUs" time="7.883"/>
  <testcase classname="com.project.tests.HomePageTest" name="verifyNavigationToCart" time="6.288"/>
</testsuite> <!-- com.project.tests.HomePageTest -->
